<?xml version="1.0" encoding="UTF-8"?>
<testsuite name="com.example.encoder.ROT13EncryptionSpec" tests="2" skipped="0" failures="0" errors="0" timestamp="2022-08-26T02:24:10" hostname="Nigeland" time="0.002">
  <properties/>
  <testcase name="encrypt null throws IllegalArgumentException" classname="com.example.encoder.ROT13EncryptionSpec" time="0.0"/>
  <testcase name="encrypt 1 letter" classname="com.example.encoder.ROT13EncryptionSpec" time="0.001"/>
  <system-out><![CDATA[]]></system-out>
  <system-err><![CDATA[]]></system-err>
</testsuite>
