<?xml version="1.0" encoding="UTF-8"?>
<testsuite name="com.example.encoder.SuperSecretTextEncoderSpec" tests="4" skipped="0" failures="0" errors="0" timestamp="2022-08-26T02:24:10" hostname="Nigeland" time="0.029">
  <properties/>
  <testcase name="encode 0 char" classname="com.example.encoder.SuperSecretTextEncoderSpec" time="0.012"/>
  <testcase name="encode a string" classname="com.example.encoder.SuperSecretTextEncoderSpec" time="0.001"/>
  <testcase name="encode empty string" classname="com.example.encoder.SuperSecretTextEncoderSpec" time="0.001"/>
  <testcase name="encode null throws IllegalArgumentException" classname="com.example.encoder.SuperSecretTextEncoderSpec" time="0.012"/>
  <system-out><![CDATA[]]></system-out>
  <system-err><![CDATA[]]></system-err>
</testsuite>
