<?xml version="1.0" encoding="UTF-8"?>
<testsuite name="com.example.encoder.PlainTextEncryptionSpec" tests="2" skipped="0" failures="0" errors="0" timestamp="2022-08-26T02:24:10" hostname="Nigeland" time="0.052">
  <properties/>
  <testcase name="encrypt return same as input" classname="com.example.encoder.PlainTextEncryptionSpec" time="0.05"/>
  <testcase name="encrypt null throws IllegalArgumentException" classname="com.example.encoder.PlainTextEncryptionSpec" time="0.001"/>
  <system-out><![CDATA[]]></system-out>
  <system-err><![CDATA[]]></system-err>
</testsuite>
